<?xml version="1.0" encoding="UTF-8"?>
<!-- Generated by org.testng.reporters.JUnitXMLReporter -->
<testsuite ignored="0" hostname="Harshadas-MBP" failures="0" tests="7" name="Test" time="5.849" errors="0" timestamp="2022-07-21T17:55:17 CEST">
  <testcase classname="tests.BaseClass" name="@BeforeMethod setupApplication" time="0.037">
    <failure type="java.lang.IllegalStateException" message="It must be an executable file: /Users/harshadabhanu/Documents/GitHub/automationhv/SogetiAssignment/chromedriver">
      <![CDATA[java.lang.IllegalStateException: It must be an executable file: /Users/harshadabhanu/Documents/GitHub/automationhv/SogetiAssignment/chromedriver
at org.openqa.selenium.internal.Require.stateCondition(Require.java:169)
at org.openqa.selenium.remote.service.DriverService.checkExecutable(DriverService.java:148)
at org.openqa.selenium.remote.service.DriverService.findExecutable(DriverService.java:142)
at org.openqa.selenium.chrome.ChromeDriverService.access$000(ChromeDriverService.java:39)
at org.openqa.selenium.chrome.ChromeDriverService$Builder.findDefaultExecutable(ChromeDriverService.java:233)
at org.openqa.selenium.remote.service.DriverService$Builder.build(DriverService.java:437)
at org.openqa.selenium.chrome.ChromeDriverService.createDefaultService(ChromeDriverService.java:128)
at org.openqa.selenium.chrome.ChromeDriver.<init>(ChromeDriver.java:49)
at tests.BaseClass.setupApplication(BaseClass.java:28)
at java.base/java.util.ArrayList.forEach(ArrayList.java:1511)
... Removed 29 stack frames]]>
    </failure>
  </testcase> <!-- @BeforeMethod setupApplication -->
  <testcase classname="tests.BaseClass" name="@AfterMethod closeApplication" time="-1.658418916069E9">
    <skipped/>
  </testcase> <!-- @AfterMethod closeApplication -->
  <testcase classname="tests.BaseClass" name="@BeforeMethod setupApplication" time="-1.658418916075E9">
    <skipped/>
  </testcase> <!-- @BeforeMethod setupApplication -->
  <testcase classname="tests.BaseClass" name="@AfterMethod closeApplication" time="-1.658418916082E9">
    <skipped/>
  </testcase> <!-- @AfterMethod closeApplication -->
  <testcase classname="tests.BaseClass" name="@BeforeMethod setupApplication" time="-1.658418916084E9">
    <skipped/>
  </testcase> <!-- @BeforeMethod setupApplication -->
  <testcase classname="tests.BaseClass" name="@AfterMethod closeApplication" time="-1.658418916092E9">
    <skipped/>
  </testcase> <!-- @AfterMethod closeApplication -->
  <testcase classname="tests.APITestCases" name="APITest1" time="4.746"/>
  <testcase classname="tests.APITestCases" name="APITest2" time="0.428"/>
  <testcase classname="tests.APITestCases" name="APITest2" time="0.256"/>
  <testcase classname="tests.APITestCases" name="APITest2" time="0.254"/>
  <testcase classname="tests.UITestCases" name="verifyServicesAutomationLink" time="0.0">
    <skipped/>
  </testcase> <!-- verifyServicesAutomationLink -->
  <testcase classname="tests.UITestCases" name="verifyContactUs" time="0.0">
    <skipped/>
  </testcase> <!-- verifyContactUs -->
  <testcase classname="tests.UITestCases" name="verifyWorldwideDropdownCounties" time="0.0">
    <skipped/>
  </testcase> <!-- verifyWorldwideDropdownCounties -->
</testsuite> <!-- Test -->
